<?xml version="1.0" encoding="UTF-8"?>
<!-- Generated by org.testng.reporters.JUnitXMLReporter -->
<testsuite hostname="DESKTOP-INQUNRP" ignored="0" name="Default test" tests="3" failures="0" timestamp="2021-07-03T12:53:01 EDT" time="19.484" errors="0">
  <testcase name="getText" time="0.009" classname="testingPackage.DummyTest"/>
  <testcase name="getTitle" time="0.008" classname="testingPackage.DummyTest"/>
  <testcase name="getURL" time="0.017" classname="testingPackage.DummyTest"/>
</testsuite> <!-- Default test -->
