<?xml version="1.0" encoding="UTF-8"?>
<!-- Generated by org.testng.reporters.JUnitXMLReporter -->
<testsuite hostname="DESKTOP-INQUNRP" ignored="0" name="Test" tests="3" failures="0" timestamp="2021-07-03T12:17:16 EDT" time="28.845" errors="0">
  <testcase name="getText" time="0.009" classname="testingPackage.DummyTest"/>
  <testcase name="getTitle" time="0.001" classname="testingPackage.DummyTest"/>
  <testcase name="getURL" time="0.001" classname="testingPackage.DummyTest"/>
</testsuite> <!-- Test -->
