<?xml version="1.0" encoding="UTF-8"?>
<testng-results skipped="1" failed="1" ignored="0" total="6" passed="4">
  <reporter-output>
  </reporter-output>
  <suite name="somke Suite" duration-ms="95617" started-at="2021-07-03T20:45:11 EDT" finished-at="2021-07-03T20:46:46 EDT">
    <groups>
    </groups>
    <test name="login test" duration-ms="95617" started-at="2021-07-03T20:45:11 EDT" finished-at="2021-07-03T20:46:46 EDT">
      <class name="testingPackage.TitleAndURLTest">
        <test-method status="PASS" signature="openApplication()[pri:0, instance:testingPackage.TitleAndURLTest@34cd072c]" name="openApplication" is-config="true" duration-ms="48139" started-at="2021-07-03T20:45:11 EDT" finished-at="2021-07-03T20:46:00 EDT">
          <reporter-output>
          </reporter-output>
        </test-method> <!-- openApplication -->
        <test-method status="PASS" signature="openApplication()[pri:0, instance:testingPackage.TitleAndURLTest@34cd072c]" name="openApplication" is-config="true" duration-ms="25183" started-at="2021-07-03T20:45:11 EDT" finished-at="2021-07-03T20:45:37 EDT">
          <reporter-output>
          </reporter-output>
        </test-method> <!-- openApplication -->
        <test-method status="PASS" signature="openApplication()[pri:0, instance:testingPackage.TitleAndURLTest@34cd072c]" name="openApplication" is-config="true" duration-ms="25615" started-at="2021-07-03T20:45:11 EDT" finished-at="2021-07-03T20:45:37 EDT">
          <reporter-output>
          </reporter-output>
        </test-method> <!-- openApplication -->
        <test-method status="PASS" signature="getTitle()[pri:0, instance:testingPackage.TitleAndURLTest@34cd072c]" name="getTitle" duration-ms="92" started-at="2021-07-03T20:45:37 EDT" finished-at="2021-07-03T20:45:37 EDT">
          <reporter-output>
          </reporter-output>
        </test-method> <!-- getTitle -->
        <test-method status="PASS" signature="tearDown()[pri:0, instance:testingPackage.TitleAndURLTest@34cd072c]" name="tearDown" is-config="true" duration-ms="12890" started-at="2021-07-03T20:45:37 EDT" finished-at="2021-07-03T20:45:50 EDT">
          <reporter-output>
          </reporter-output>
        </test-method> <!-- tearDown -->
        <test-method status="PASS" signature="getURL()[pri:0, instance:testingPackage.TitleAndURLTest@34cd072c]" name="getURL" duration-ms="16" started-at="2021-07-03T20:45:37 EDT" finished-at="2021-07-03T20:45:37 EDT">
          <reporter-output>
          </reporter-output>
        </test-method> <!-- getURL -->
        <test-method status="PASS" signature="tearDown()[pri:0, instance:testingPackage.TitleAndURLTest@34cd072c]" name="tearDown" is-config="true" duration-ms="12493" started-at="2021-07-03T20:45:37 EDT" finished-at="2021-07-03T20:45:50 EDT">
          <reporter-output>
          </reporter-output>
        </test-method> <!-- tearDown -->
        <test-method status="PASS" signature="getText()[pri:0, instance:testingPackage.TitleAndURLTest@34cd072c]" name="getText" duration-ms="10" started-at="2021-07-03T20:46:00 EDT" finished-at="2021-07-03T20:46:00 EDT">
          <reporter-output>
          </reporter-output>
        </test-method> <!-- getText -->
        <test-method status="PASS" signature="tearDown()[pri:0, instance:testingPackage.TitleAndURLTest@34cd072c]" name="tearDown" is-config="true" duration-ms="12806" started-at="2021-07-03T20:46:00 EDT" finished-at="2021-07-03T20:46:12 EDT">
          <reporter-output>
          </reporter-output>
        </test-method> <!-- tearDown -->
      </class> <!-- testingPackage.TitleAndURLTest -->
      <class name="testingPackage.LoginTest">
        <test-method status="PASS" signature="openApplication()[pri:0, instance:testingPackage.LoginTest@7a1ebcd8]" name="openApplication" is-config="true" duration-ms="35253" started-at="2021-07-03T20:45:50 EDT" finished-at="2021-07-03T20:46:25 EDT">
          <reporter-output>
          </reporter-output>
        </test-method> <!-- openApplication -->
        <test-method status="PASS" signature="openApplication()[pri:0, instance:testingPackage.LoginTest@7a1ebcd8]" name="openApplication" is-config="true" duration-ms="36797" started-at="2021-07-03T20:45:50 EDT" finished-at="2021-07-03T20:46:26 EDT">
          <reporter-output>
          </reporter-output>
        </test-method> <!-- openApplication -->
        <test-method status="PASS" signature="openApplication()[pri:0, instance:testingPackage.LoginTest@7a1ebcd8]" name="openApplication" is-config="true" duration-ms="29053" started-at="2021-07-03T20:46:12 EDT" finished-at="2021-07-03T20:46:41 EDT">
          <reporter-output>
          </reporter-output>
        </test-method> <!-- openApplication -->
        <test-method status="FAIL" signature="assertURLTest()[pri:0, instance:testingPackage.LoginTest@7a1ebcd8]" name="assertURLTest" duration-ms="56" started-at="2021-07-03T20:46:25 EDT" finished-at="2021-07-03T20:46:25 EDT">
          <exception class="java.lang.AssertionError">
            <message>
              <![CDATA[expected [https://www.facebook.com/dev] but found [https://www.facebook.com1/]]]>
            </message>
            <full-stacktrace>
              <![CDATA[java.lang.AssertionError: expected [https://www.facebook.com/dev] but found [https://www.facebook.com1/]
at org.testng.Assert.fail(Assert.java:97)
at org.testng.Assert.assertEqualsImpl(Assert.java:136)
at org.testng.Assert.assertEquals(Assert.java:118)
at org.testng.Assert.assertEquals(Assert.java:575)
at org.testng.Assert.assertEquals(Assert.java:585)
at testingPackage.LoginTest.assertURLTest(LoginTest.java:25)
at sun.reflect.NativeMethodAccessorImpl.invoke0(Native Method)
at sun.reflect.NativeMethodAccessorImpl.invoke(Unknown Source)
at sun.reflect.DelegatingMethodAccessorImpl.invoke(Unknown Source)
at java.lang.reflect.Method.invoke(Unknown Source)
at org.testng.internal.MethodInvocationHelper.invokeMethod(MethodInvocationHelper.java:133)
at org.testng.internal.TestInvoker.invokeMethod(TestInvoker.java:584)
at org.testng.internal.TestInvoker.invokeTestMethod(TestInvoker.java:172)
at org.testng.internal.MethodRunner.runInSequence(MethodRunner.java:46)
at org.testng.internal.TestInvoker$MethodInvocationAgent.invoke(TestInvoker.java:804)
at org.testng.internal.TestInvoker.invokeTestMethods(TestInvoker.java:145)
at org.testng.internal.TestMethodWorker.invokeTestMethods(TestMethodWorker.java:146)
at org.testng.internal.TestMethodWorker.run(TestMethodWorker.java:128)
at java.util.concurrent.ThreadPoolExecutor.runWorker(Unknown Source)
at java.util.concurrent.ThreadPoolExecutor$Worker.run(Unknown Source)
at java.lang.Thread.run(Unknown Source)
]]>
            </full-stacktrace>
          </exception> <!-- java.lang.AssertionError -->
          <reporter-output>
          </reporter-output>
        </test-method> <!-- assertURLTest -->
        <test-method status="PASS" signature="loginTest()[pri:0, instance:testingPackage.LoginTest@7a1ebcd8]" name="loginTest" duration-ms="438" started-at="2021-07-03T20:46:26 EDT" finished-at="2021-07-03T20:46:27 EDT">
          <reporter-output>
          </reporter-output>
        </test-method> <!-- loginTest -->
        <test-method status="PASS" signature="tearDown()[pri:0, instance:testingPackage.LoginTest@7a1ebcd8]" name="tearDown" is-config="true" duration-ms="7962" started-at="2021-07-03T20:46:27 EDT" finished-at="2021-07-03T20:46:34 EDT">
          <reporter-output>
          </reporter-output>
        </test-method> <!-- tearDown -->
        <test-method status="PASS" signature="tearDown()[pri:0, instance:testingPackage.LoginTest@7a1ebcd8]" name="tearDown" is-config="true" duration-ms="8027" started-at="2021-07-03T20:46:27 EDT" finished-at="2021-07-03T20:46:35 EDT">
          <reporter-output>
          </reporter-output>
        </test-method> <!-- tearDown -->
        <test-method status="SKIP" signature="skiipTitleTest()[pri:0, instance:testingPackage.LoginTest@7a1ebcd8]" name="skiipTitleTest" duration-ms="8" started-at="2021-07-03T20:46:41 EDT" finished-at="2021-07-03T20:46:41 EDT">
          <exception class="org.testng.SkipException">
            <message>
              <![CDATA[ We will build it latter. ]]>
            </message>
            <full-stacktrace>
              <![CDATA[org.testng.SkipException:  We will build it latter. 
at testingPackage.LoginTest.skiipTitleTest(LoginTest.java:34)
at sun.reflect.NativeMethodAccessorImpl.invoke0(Native Method)
at sun.reflect.NativeMethodAccessorImpl.invoke(Unknown Source)
at sun.reflect.DelegatingMethodAccessorImpl.invoke(Unknown Source)
at java.lang.reflect.Method.invoke(Unknown Source)
at org.testng.internal.MethodInvocationHelper.invokeMethod(MethodInvocationHelper.java:133)
at org.testng.internal.TestInvoker.invokeMethod(TestInvoker.java:584)
at org.testng.internal.TestInvoker.invokeTestMethod(TestInvoker.java:172)
at org.testng.internal.MethodRunner.runInSequence(MethodRunner.java:46)
at org.testng.internal.TestInvoker$MethodInvocationAgent.invoke(TestInvoker.java:804)
at org.testng.internal.TestInvoker.invokeTestMethods(TestInvoker.java:145)
at org.testng.internal.TestMethodWorker.invokeTestMethods(TestMethodWorker.java:146)
at org.testng.internal.TestMethodWorker.run(TestMethodWorker.java:128)
at java.util.concurrent.ThreadPoolExecutor.runWorker(Unknown Source)
at java.util.concurrent.ThreadPoolExecutor$Worker.run(Unknown Source)
at java.lang.Thread.run(Unknown Source)
]]>
            </full-stacktrace>
          </exception> <!-- org.testng.SkipException -->
          <reporter-output>
          </reporter-output>
        </test-method> <!-- skiipTitleTest -->
        <test-method status="PASS" signature="tearDown()[pri:0, instance:testingPackage.LoginTest@7a1ebcd8]" name="tearDown" is-config="true" duration-ms="4874" started-at="2021-07-03T20:46:41 EDT" finished-at="2021-07-03T20:46:46 EDT">
          <reporter-output>
          </reporter-output>
        </test-method> <!-- tearDown -->
      </class> <!-- testingPackage.LoginTest -->
    </test> <!-- login test -->
  </suite> <!-- somke Suite -->
</testng-results>
